Using pre-set license

 COMMAND LINE ARGUMENTS:
/Users/ctheard/OneDrive/Documents/Unity Build/2020.2.7f1/Unity.app/Contents/MacOS/Unity
-adb2
-batchMode
-noUpm
-name
AssetImportWorker11
-projectPath
/Users/ctheard/Documents/Unity Projects/Poem Games/untitled folder/Live-Fuse/Live Fuse
-logFile
Logs/AssetImportWorker11.log
-srvPort
51002
Successfully changed project path to: /Users/ctheard/Documents/Unity Projects/Poem Games/untitled folder/Live-Fuse/Live Fuse
/Users/ctheard/Documents/Unity Projects/Poem Games/untitled folder/Live-Fuse/Live Fuse
Using Asset Import Pipeline V2.
Refreshing native plugins compatible for Editor in 74.18 ms, found 2 plugins.
Preloading 0 native plugins for Editor in 0.00 ms.
Initialize engine version: 2020.2.7f1 (c53830e277f1)
[Subsystems] Discovering subsystems at path /Users/ctheard/OneDrive/Documents/Unity Build/2020.2.7f1/Unity.app/Contents/Resources/UnitySubsystems
[Subsystems] Discovering subsystems at path /Users/ctheard/Documents/Unity Projects/Poem Games/untitled folder/Live-Fuse/Live Fuse/Assets
GfxDevice: creating device client; threaded=0
Renderer: AMD Radeon HD 6770M OpenGL Engine
Vendor:   ATI Technologies Inc.
Version:  4.1 ATI-1.68.25
GLES:     0
 GL_ARB_blend_func_extended GL_ARB_draw_buffers_blend GL_ARB_draw_indirect GL_ARB_ES2_compatibility GL_ARB_explicit_attrib_location GL_ARB_gpu_shader5 GL_ARB_instanced_arrays GL_ARB_internalformat_query GL_ARB_occlusion_query2 GL_ARB_sample_shading GL_ARB_sampler_objects GL_ARB_separate_shader_objects GL_ARB_shader_bit_encoding GL_ARB_shader_subroutine GL_ARB_shading_language_include GL_ARB_tessellation_shader GL_ARB_texture_buffer_object_rgb32 GL_ARB_texture_cube_map_array GL_ARB_texture_gather GL_ARB_texture_query_lod GL_ARB_texture_rgb10_a2ui GL_ARB_texture_storage GL_ARB_texture_swizzle GL_ARB_timer_query GL_ARB_transform_feedback2 GL_ARB_transform_feedback3 GL_ARB_vertex_type_2_10_10_10_rev GL_ARB_viewport_array GL_EXT_debug_label GL_EXT_debug_marker GL_EXT_texture_compression_s3tc GL_EXT_texture_filter_anisotropic GL_EXT_texture_mirror_clamp GL_EXT_texture_sRGB_decode GL_APPLE_client_storage GL_APPLE_container_object_shareable GL_APPLE_flush_render GL_APPLE_object_purgeable GL_APPLE_rgb_422 GL_APPLE_ro
w_bytes GL_APPLE_texture_range GL_ATI_texture_mirror_once GL_NV_texture_barrier
OPENGL LOG: Creating OpenGL 4.1 graphics device ; Context level  <OpenGL 4.1> ; Context handle -1769613312
Initialize mono
Mono path[0] = '/Users/ctheard/OneDrive/Documents/Unity Build/2020.2.7f1/Unity.app/Contents/Managed'
Mono path[1] = '/Users/ctheard/OneDrive/Documents/Unity Build/2020.2.7f1/Unity.app/Contents/MonoBleedingEdge/lib/mono/unityjit'
Mono config path = '/Users/ctheard/OneDrive/Documents/Unity Build/2020.2.7f1/Unity.app/Contents/MonoBleedingEdge/etc'
Using monoOptions --debugger-agent=transport=dt_socket,embedding=1,server=y,suspend=n,address=127.0.0.1:56857
Begin MonoManager ReloadAssembly
Registering precompiled unity dll's ...
Register platform support module: /Users/ctheard/OneDrive/Documents/Unity Build/2020.2.7f1/PlaybackEngines/WebGLSupport/UnityEditor.WebGL.Extensions.dll
Register platform support module: /Users/ctheard/OneDrive/Documents/Unity Build/2020.2.7f1/Unity.app/Contents/PlaybackEngines/MacStandaloneSupport/UnityEditor.OSXStandalone.Extensions.dll
Register platform support module: /Users/ctheard/OneDrive/Documents/Unity Build/2020.2.7f1/PlaybackEngines/WindowsStandaloneSupport/UnityEditor.WindowsStandalone.Extensions.dll
Register platform support module: /Users/ctheard/OneDrive/Documents/Unity Build/2020.2.7f1/PlaybackEngines/LinuxStandaloneSupport/UnityEditor.LinuxStandalone.Extensions.dll
Registered in 0.001596 seconds.
Native extension for LinuxStandalone target not found
Native extension for WindowsStandalone target not found
Native extension for OSXStandalone target not found
Native extension for WebGL target not found
Refreshing native plugins compatible for Editor in 58.60 ms, found 2 plugins.
Preloading 0 native plugins for Editor in 0.00 ms.
Invoked RoslynAnalysisRunner static constructor.
RoslynAnalysisRunner will not be running.
RoslynAnalysisRunner has terminated.
Mono: successfully reloaded assembly
- Completed reload, in  5.256 seconds
Platform modules already initialized, skipping
Registering precompiled user dll's ...
Registered in 0.000570 seconds.
Begin MonoManager ReloadAssembly
Native extension for LinuxStandalone target not found
Native extension for WindowsStandalone target not found
Native extension for OSXStandalone target not found
Native extension for WebGL target not found
Refreshing native plugins compatible for Editor in 58.25 ms, found 2 plugins.
Preloading 0 native plugins for Editor in 0.00 ms.
Invoked RoslynAnalysisRunner static constructor.
RoslynAnalysisRunner will not be running.
RoslynAnalysisRunner has terminated.
Mono: successfully reloaded assembly
- Completed reload, in  8.354 seconds
Platform modules already initialized, skipping
========================================================================
Worker process is ready to serve import requests
Launching external process: /Users/ctheard/OneDrive/Documents/Unity Build/2020.2.7f1/Unity.app/Contents/Tools/UnityShaderCompiler
Launched and connected shader compiler UnityShaderCompiler after 0.02 seconds
Refreshing native plugins compatible for Editor in 0.43 ms, found 2 plugins.
Preloading 0 native plugins for Editor in 0.00 ms.
Unloading 1827 Unused Serialized files (Serialized files now loaded: 0)
System memory in use before: 147.5 MB.
System memory in use after: 147.6 MB.

Unloading 24 unused Assets to reduce memory usage. Loaded Objects now: 2270.
Total: 2.487967 ms (FindLiveObjects: 0.253553 ms CreateObjectMapping: 0.077389 ms MarkObjects: 1.997082 ms  DeleteObjects: 0.158591 ms)

========================================================================
Received Import Request.
  path: Assets/Prefabs/Waypoint.prefab
  artifactKey: Guid(45732c24ebb5d44ee84bca1e03c15475) Importer(815301076,1909f56bfc062723c751e8b465ee728b)
Start importing Assets/Prefabs/Waypoint.prefab using Guid(45732c24ebb5d44ee84bca1e03c15475) Importer(815301076,1909f56bfc062723c751e8b465ee728b)  -> (artifact id: '63d9830a6ccf0ef02cb141f874265719') in 6.726533 seconds
  Import took 6.730539 seconds .

========================================================================
Received Import Request.
  Time since last request: 0.000300 seconds.
  path: Assets/Prefabs/Vessel.prefab
  artifactKey: Guid(6aae1cf7d08dc4e8096f8f5f5c5bb0b8) Importer(815301076,1909f56bfc062723c751e8b465ee728b)
Start importing Assets/Prefabs/Vessel.prefab using Guid(6aae1cf7d08dc4e8096f8f5f5c5bb0b8) Importer(815301076,1909f56bfc062723c751e8b465ee728b)  -> (artifact id: 'eab0ebdf2bf8eafdb6963a958c8fbab1') in 1.715093 seconds
  Import took 1.719058 seconds .

========================================================================
Received Import Request.
  Time since last request: 0.000281 seconds.
  path: Assets/Prefabs/LevelLocker.prefab
  artifactKey: Guid(162bdb9e9fcff45f08e3374edfe68803) Importer(815301076,1909f56bfc062723c751e8b465ee728b)
Start importing Assets/Prefabs/LevelLocker.prefab using Guid(162bdb9e9fcff45f08e3374edfe68803) Importer(815301076,1909f56bfc062723c751e8b465ee728b)  -> (artifact id: 'e20a4a20c3db271ab57a93a40077c082') in 0.102625 seconds
  Import took 0.106490 seconds .

========================================================================
Received Import Request.
  Time since last request: 0.000269 seconds.
  path: Assets/Prefabs/Moving Platform.prefab
  artifactKey: Guid(12ca4323ba1c74ecdae7c0c2bf88e99d) Importer(815301076,1909f56bfc062723c751e8b465ee728b)
Start importing Assets/Prefabs/Moving Platform.prefab using Guid(12ca4323ba1c74ecdae7c0c2bf88e99d) Importer(815301076,1909f56bfc062723c751e8b465ee728b)  -> (artifact id: 'c2867c89161068840a8cebcabcc1b738') in 0.582324 seconds
  Import took 0.586374 seconds .

========================================================================
Received Import Request.
  Time since last request: 0.000253 seconds.
  path: Assets/Prefabs/Small Platform.prefab
  artifactKey: Guid(c941de59f880e46bb8f98f2fb005d34d) Importer(815301076,1909f56bfc062723c751e8b465ee728b)
Start importing Assets/Prefabs/Small Platform.prefab using Guid(c941de59f880e46bb8f98f2fb005d34d) Importer(815301076,1909f56bfc062723c751e8b465ee728b)  -> (artifact id: 'b51e219e581f6afdb9d9a016c0949550') in 0.029009 seconds
  Import took 0.033301 seconds .

========================================================================
Received Import Request.
  Time since last request: 0.000358 seconds.
  path: Assets/Prefabs/Medium Platform.prefab
  artifactKey: Guid(1666630c161e74eeeb6e83c7fd547993) Importer(815301076,1909f56bfc062723c751e8b465ee728b)
Start importing Assets/Prefabs/Medium Platform.prefab using Guid(1666630c161e74eeeb6e83c7fd547993) Importer(815301076,1909f56bfc062723c751e8b465ee728b)  -> (artifact id: '50437810d6579a39608f3116c079bd49') in 0.171080 seconds
  Import took 0.175223 seconds .

========================================================================
Received Import Request.
  Time since last request: 6.939436 seconds.
  path: Assets/_Scripts/Platform.cs
  artifactKey: Guid(0cf2f894e0fda4780a5a89609859eda4) Importer(815301076,1909f56bfc062723c751e8b465ee728b)
Start importing Assets/_Scripts/Platform.cs using Guid(0cf2f894e0fda4780a5a89609859eda4) Importer(815301076,1909f56bfc062723c751e8b465ee728b)  -> (artifact id: '7936486a96415aed8fe13316340fa85c') in 2.954986 seconds
  Import took 2.958697 seconds .

========================================================================
Received Import Request.
  Time since last request: 61.272161 seconds.
  path: Assets/_Scenes/Level2.unity
  artifactKey: Guid(e0a45954db7024fe9adeb59872cadbc8) Importer(815301076,1909f56bfc062723c751e8b465ee728b)
Start importing Assets/_Scenes/Level2.unity using Guid(e0a45954db7024fe9adeb59872cadbc8) Importer(815301076,1909f56bfc062723c751e8b465ee728b)  -> (artifact id: 'fefdc5e8de50f52e680b355617db21f2') in 0.098847 seconds
  Import took 0.103531 seconds .

========================================================================
Received Prepare
Registering precompiled user dll's ...
Registered in 0.000854 seconds.
Begin MonoManager ReloadAssembly
Native extension for LinuxStandalone target not found
Native extension for WindowsStandalone target not found
Native extension for OSXStandalone target not found
Native extension for WebGL target not found
Refreshing native plugins compatible for Editor in 0.45 ms, found 2 plugins.
Preloading 0 native plugins for Editor in 0.00 ms.
Invoked RoslynAnalysisRunner static constructor.
RoslynAnalysisRunner will not be running.
RoslynAnalysisRunner has terminated.
Mono: successfully reloaded assembly
- Completed reload, in  1.572 seconds
Platform modules already initialized, skipping
Refreshing native plugins compatible for Editor in 0.50 ms, found 2 plugins.
Preloading 0 native plugins for Editor in 0.00 ms.
Unloading 1822 Unused Serialized files (Serialized files now loaded: 0)
System memory in use before: 156.5 MB.
System memory in use after: 156.5 MB.

Unloading 12 unused Assets to reduce memory usage. Loaded Objects now: 2283.
Total: 2.398522 ms (FindLiveObjects: 0.224842 ms CreateObjectMapping: 0.078042 ms MarkObjects: 1.984887 ms  DeleteObjects: 0.108765 ms)

========================================================================
Received Import Request.
  Time since last request: 279.545581 seconds.
  path: ProjectSettings/TagManager.asset
  artifactKey: Guid(00000000000000003000000000000000) Importer(815301076,1909f56bfc062723c751e8b465ee728b)
Start importing ProjectSettings/TagManager.asset using Guid(00000000000000003000000000000000) Importer(815301076,1909f56bfc062723c751e8b465ee728b)  -> (artifact id: 'e11e41ff82c3c4e0187c026ae09d18cb') in 0.151326 seconds
  Import took 0.173415 seconds .

========================================================================
Received Prepare
Registering precompiled user dll's ...
Registered in 0.090410 seconds.
Begin MonoManager ReloadAssembly
Native extension for LinuxStandalone target not found
Native extension for WindowsStandalone target not found
Native extension for OSXStandalone target not found
Native extension for WebGL target not found
Refreshing native plugins compatible for Editor in 0.46 ms, found 2 plugins.
Preloading 0 native plugins for Editor in 0.00 ms.
Invoked RoslynAnalysisRunner static constructor.
RoslynAnalysisRunner will not be running.
RoslynAnalysisRunner has terminated.
Mono: successfully reloaded assembly
- Completed reload, in  4.457 seconds
Platform modules already initialized, skipping
Refreshing native plugins compatible for Editor in 0.56 ms, found 2 plugins.
Preloading 0 native plugins for Editor in 0.00 ms.
Unloading 1822 Unused Serialized files (Serialized files now loaded: 0)
System memory in use before: 160.9 MB.
System memory in use after: 160.9 MB.

Unloading 13 unused Assets to reduce memory usage. Loaded Objects now: 2287.
Total: 2.480561 ms (FindLiveObjects: 0.217167 ms CreateObjectMapping: 0.069566 ms MarkObjects: 2.068477 ms  DeleteObjects: 0.123638 ms)

========================================================================
Received Import Request.
  Time since last request: 249.942613 seconds.
  path: Assets/_Scenes/Level3.unity
  artifactKey: Guid(dcfb2da5937f34de99af2a3f01ba0c4b) Importer(815301076,1909f56bfc062723c751e8b465ee728b)
Start importing Assets/_Scenes/Level3.unity using Guid(dcfb2da5937f34de99af2a3f01ba0c4b) Importer(815301076,1909f56bfc062723c751e8b465ee728b)  -> (artifact id: '8b125ffc7ee31cd4a65c7665077b52f0') in 0.257554 seconds
  Import took 0.436133 seconds .

========================================================================
Received Import Request.
  Time since last request: 69.300807 seconds.
  path: Assets/_Scenes/MainMenue.unity
  artifactKey: Guid(ae179efb6411b4617995a1ced4e3ed7b) Importer(815301076,1909f56bfc062723c751e8b465ee728b)
Start importing Assets/_Scenes/MainMenue.unity using Guid(ae179efb6411b4617995a1ced4e3ed7b) Importer(815301076,1909f56bfc062723c751e8b465ee728b)  -> (artifact id: '30fe8ec9f6f76fa052c28c254998cc93') in 0.277414 seconds
  Import took 0.421024 seconds .

========================================================================
Received Import Request.
  Time since last request: 231.355243 seconds.
  path: Assets/_Scenes/LevelMenue.unity
  artifactKey: Guid(3cb8f705e4fba4de7b2eaa6d4d652aed) Importer(815301076,1909f56bfc062723c751e8b465ee728b)
Start importing Assets/_Scenes/LevelMenue.unity using Guid(3cb8f705e4fba4de7b2eaa6d4d652aed) Importer(815301076,1909f56bfc062723c751e8b465ee728b)  -> (artifact id: '78168e098904772be20dccbd18f0b491') in 0.193464 seconds
  Import took 0.232431 seconds .

========================================================================
Received Prepare
Registering precompiled user dll's ...
Registered in 0.313741 seconds.
Begin MonoManager ReloadAssembly
Native extension for LinuxStandalone target not found
Native extension for WindowsStandalone target not found
Native extension for OSXStandalone target not found
Native extension for WebGL target not found
Refreshing native plugins compatible for Editor in 0.42 ms, found 2 plugins.
Preloading 0 native plugins for Editor in 0.00 ms.
Invoked RoslynAnalysisRunner static constructor.
RoslynAnalysisRunner will not be running.
RoslynAnalysisRunner has terminated.
Mono: successfully reloaded assembly
- Completed reload, in  4.635 seconds
Platform modules already initialized, skipping
Refreshing native plugins compatible for Editor in 0.41 ms, found 2 plugins.
Preloading 0 native plugins for Editor in 0.00 ms.
Unloading 1822 Unused Serialized files (Serialized files now loaded: 0)
System memory in use before: 161.1 MB.
System memory in use after: 161.1 MB.

Unloading 12 unused Assets to reduce memory usage. Loaded Objects now: 2291.
Total: 2.230318 ms (FindLiveObjects: 0.205820 ms CreateObjectMapping: 0.069351 ms MarkObjects: 1.835311 ms  DeleteObjects: 0.118255 ms)

========================================================================
Received Import Request.
  Time since last request: 114.227412 seconds.
  path: Assets/_Scenes/Level1.unity
  artifactKey: Guid(4575003de052c406d8891ad59810a797) Importer(815301076,1909f56bfc062723c751e8b465ee728b)
Start importing Assets/_Scenes/Level1.unity using Guid(4575003de052c406d8891ad59810a797) Importer(815301076,1909f56bfc062723c751e8b465ee728b)  -> (artifact id: '7c174fee0695956325596e2cf7607b5c') in 0.101708 seconds
  Import took 0.173854 seconds .

========================================================================
Received Import Request.
  Time since last request: 0.024130 seconds.
  path: Assets/_Scenes/Level1.unity
  artifactKey: Guid(4575003de052c406d8891ad59810a797) Importer(815301076,1909f56bfc062723c751e8b465ee728b)
Start importing Assets/_Scenes/Level1.unity using Guid(4575003de052c406d8891ad59810a797) Importer(815301076,1909f56bfc062723c751e8b465ee728b)  -> (artifact id: '7c174fee0695956325596e2cf7607b5c') in 0.018022 seconds
  Import took 0.022322 seconds .

========================================================================
Received Prepare
Refreshing native plugins compatible for Editor in 1.65 ms, found 2 plugins.
Preloading 0 native plugins for Editor in 0.00 ms.
Unloading 10 Unused Serialized files (Serialized files now loaded: 0)
System memory in use before: 124.8 MB.
System memory in use after: 124.9 MB.

Unloading 10 unused Assets to reduce memory usage. Loaded Objects now: 2291.
Total: 2.938022 ms (FindLiveObjects: 0.242937 ms CreateObjectMapping: 0.076164 ms MarkObjects: 2.476007 ms  DeleteObjects: 0.140536 ms)

========================================================================
Received Prepare
Registering precompiled user dll's ...
Registered in 0.000863 seconds.
Begin MonoManager ReloadAssembly
Native extension for LinuxStandalone target not found
Native extension for WindowsStandalone target not found
Native extension for OSXStandalone target not found
Native extension for WebGL target not found
Refreshing native plugins compatible for Editor in 0.50 ms, found 2 plugins.
Preloading 0 native plugins for Editor in 0.00 ms.
Invoked RoslynAnalysisRunner static constructor.
RoslynAnalysisRunner will not be running.
RoslynAnalysisRunner has terminated.
Mono: successfully reloaded assembly
- Completed reload, in  1.934 seconds
Platform modules already initialized, skipping
Refreshing native plugins compatible for Editor in 0.48 ms, found 2 plugins.
Preloading 0 native plugins for Editor in 0.00 ms.
Unloading 1822 Unused Serialized files (Serialized files now loaded: 0)
System memory in use before: 161.3 MB.
System memory in use after: 161.3 MB.

Unloading 12 unused Assets to reduce memory usage. Loaded Objects now: 2295.
Total: 2.747999 ms (FindLiveObjects: 0.251094 ms CreateObjectMapping: 0.087670 ms MarkObjects: 2.262162 ms  DeleteObjects: 0.144587 ms)

========================================================================
Received Prepare
Registering precompiled user dll's ...
Registered in 0.001549 seconds.
Begin MonoManager ReloadAssembly
Native extension for LinuxStandalone target not found
Native extension for WindowsStandalone target not found
Native extension for OSXStandalone target not found
Native extension for WebGL target not found
Refreshing native plugins compatible for Editor in 0.48 ms, found 2 plugins.
Preloading 0 native plugins for Editor in 0.00 ms.
Invoked RoslynAnalysisRunner static constructor.
RoslynAnalysisRunner will not be running.
RoslynAnalysisRunner has terminated.
Mono: successfully reloaded assembly
- Completed reload, in  1.865 seconds
Platform modules already initialized, skipping
Refreshing native plugins compatible for Editor in 0.85 ms, found 2 plugins.
Preloading 0 native plugins for Editor in 0.00 ms.
Unloading 1822 Unused Serialized files (Serialized files now loaded: 0)
System memory in use before: 161.5 MB.
System memory in use after: 161.5 MB.

Unloading 12 unused Assets to reduce memory usage. Loaded Objects now: 2299.
Total: 8.287245 ms (FindLiveObjects: 4.709690 ms CreateObjectMapping: 0.547154 ms MarkObjects: 2.882539 ms  DeleteObjects: 0.145903 ms)

========================================================================
Received Prepare
Refreshing native plugins compatible for Editor in 1.42 ms, found 2 plugins.
Preloading 0 native plugins for Editor in 0.00 ms.
Unloading 10 Unused Serialized files (Serialized files now loaded: 0)
System memory in use before: 125.1 MB.
System memory in use after: 125.2 MB.

Unloading 10 unused Assets to reduce memory usage. Loaded Objects now: 2299.
Total: 2.447454 ms (FindLiveObjects: 0.285922 ms CreateObjectMapping: 0.078338 ms MarkObjects: 1.966367 ms  DeleteObjects: 0.115253 ms)

