Using pre-set license

 COMMAND LINE ARGUMENTS:
/Users/ctheard/OneDrive/Documents/Unity Build/2020.2.7f1/Unity.app/Contents/MacOS/Unity
-adb2
-batchMode
-noUpm
-name
AssetImportWorker0
-projectPath
/Users/ctheard/Documents/Unity Projects/Poem Games/untitled folder/Live-Fuse/Live Fuse
-logFile
Logs/AssetImportWorker0.log
-srvPort
51672
Successfully changed project path to: /Users/ctheard/Documents/Unity Projects/Poem Games/untitled folder/Live-Fuse/Live Fuse
/Users/ctheard/Documents/Unity Projects/Poem Games/untitled folder/Live-Fuse/Live Fuse
Using Asset Import Pipeline V2.
Refreshing native plugins compatible for Editor in 242.14 ms, found 2 plugins.
Preloading 0 native plugins for Editor in 0.00 ms.
Initialize engine version: 2020.2.7f1 (c53830e277f1)
[Subsystems] Discovering subsystems at path /Users/ctheard/OneDrive/Documents/Unity Build/2020.2.7f1/Unity.app/Contents/Resources/UnitySubsystems
[Subsystems] Discovering subsystems at path /Users/ctheard/Documents/Unity Projects/Poem Games/untitled folder/Live-Fuse/Live Fuse/Assets
GfxDevice: creating device client; threaded=0
Renderer: AMD Radeon HD 6770M OpenGL Engine
Vendor:   ATI Technologies Inc.
Version:  4.1 ATI-1.68.25
GLES:     0
 GL_ARB_blend_func_extended GL_ARB_draw_buffers_blend GL_ARB_draw_indirect GL_ARB_ES2_compatibility GL_ARB_explicit_attrib_location GL_ARB_gpu_shader5 GL_ARB_instanced_arrays GL_ARB_internalformat_query GL_ARB_occlusion_query2 GL_ARB_sample_shading GL_ARB_sampler_objects GL_ARB_separate_shader_objects GL_ARB_shader_bit_encoding GL_ARB_shader_subroutine GL_ARB_shading_language_include GL_ARB_tessellation_shader GL_ARB_texture_buffer_object_rgb32 GL_ARB_texture_cube_map_array GL_ARB_texture_gather GL_ARB_texture_query_lod GL_ARB_texture_rgb10_a2ui GL_ARB_texture_storage GL_ARB_texture_swizzle GL_ARB_timer_query GL_ARB_transform_feedback2 GL_ARB_transform_feedback3 GL_ARB_vertex_type_2_10_10_10_rev GL_ARB_viewport_array GL_EXT_debug_label GL_EXT_debug_marker GL_EXT_texture_compression_s3tc GL_EXT_texture_filter_anisotropic GL_EXT_texture_mirror_clamp GL_EXT_texture_sRGB_decode GL_APPLE_client_storage GL_APPLE_container_object_shareable GL_APPLE_flush_render GL_APPLE_object_purgeable GL_APPLE_rgb_422 GL_APPLE_ro
w_bytes GL_APPLE_texture_range GL_ATI_texture_mirror_once GL_NV_texture_barrier
OPENGL LOG: Creating OpenGL 4.1 graphics device ; Context level  <OpenGL 4.1> ; Context handle 679681024
Initialize mono
Mono path[0] = '/Users/ctheard/OneDrive/Documents/Unity Build/2020.2.7f1/Unity.app/Contents/Managed'
Mono path[1] = '/Users/ctheard/OneDrive/Documents/Unity Build/2020.2.7f1/Unity.app/Contents/MonoBleedingEdge/lib/mono/unityjit'
Mono config path = '/Users/ctheard/OneDrive/Documents/Unity Build/2020.2.7f1/Unity.app/Contents/MonoBleedingEdge/etc'
Using monoOptions --debugger-agent=transport=dt_socket,embedding=1,server=y,suspend=n,address=127.0.0.1:56994
Begin MonoManager ReloadAssembly
Registering precompiled unity dll's ...
Register platform support module: /Users/ctheard/OneDrive/Documents/Unity Build/2020.2.7f1/PlaybackEngines/WebGLSupport/UnityEditor.WebGL.Extensions.dll
Register platform support module: /Users/ctheard/OneDrive/Documents/Unity Build/2020.2.7f1/Unity.app/Contents/PlaybackEngines/MacStandaloneSupport/UnityEditor.OSXStandalone.Extensions.dll
Register platform support module: /Users/ctheard/OneDrive/Documents/Unity Build/2020.2.7f1/PlaybackEngines/WindowsStandaloneSupport/UnityEditor.WindowsStandalone.Extensions.dll
Register platform support module: /Users/ctheard/OneDrive/Documents/Unity Build/2020.2.7f1/PlaybackEngines/LinuxStandaloneSupport/UnityEditor.LinuxStandalone.Extensions.dll
Registered in 0.001637 seconds.
Native extension for LinuxStandalone target not found
Native extension for WindowsStandalone target not found
Native extension for OSXStandalone target not found
Native extension for WebGL target not found
Refreshing native plugins compatible for Editor in 72.22 ms, found 2 plugins.
Preloading 0 native plugins for Editor in 0.00 ms.
Invoked RoslynAnalysisRunner static constructor.
RoslynAnalysisRunner will not be running.
RoslynAnalysisRunner has terminated.
Mono: successfully reloaded assembly
- Completed reload, in 13.063 seconds
Platform modules already initialized, skipping
Registering precompiled user dll's ...
Registered in 0.000736 seconds.
Begin MonoManager ReloadAssembly
Native extension for LinuxStandalone target not found
Native extension for WindowsStandalone target not found
Native extension for OSXStandalone target not found
Native extension for WebGL target not found
Refreshing native plugins compatible for Editor in 87.49 ms, found 2 plugins.
Preloading 0 native plugins for Editor in 0.00 ms.
Invoked RoslynAnalysisRunner static constructor.
RoslynAnalysisRunner will not be running.
RoslynAnalysisRunner has terminated.
Mono: successfully reloaded assembly
- Completed reload, in  2.370 seconds
Platform modules already initialized, skipping
========================================================================
Worker process is ready to serve import requests
Launching external process: /Users/ctheard/OneDrive/Documents/Unity Build/2020.2.7f1/Unity.app/Contents/Tools/UnityShaderCompiler
Launched and connected shader compiler UnityShaderCompiler after 0.05 seconds
Refreshing native plugins compatible for Editor in 0.49 ms, found 2 plugins.
Preloading 0 native plugins for Editor in 0.00 ms.
Unloading 2127 Unused Serialized files (Serialized files now loaded: 0)
System memory in use before: 162.1 MB.
System memory in use after: 162.1 MB.

Unloading 26 unused Assets to reduce memory usage. Loaded Objects now: 2571.
Total: 3.143800 ms (FindLiveObjects: 0.245133 ms CreateObjectMapping: 0.079959 ms MarkObjects: 2.651468 ms  DeleteObjects: 0.165568 ms)

========================================================================
Received Import Request.
  path: Assets/_Scripts/Scripts.asmdef
  artifactKey: Guid(336cf8e528f014cf8a9b753491ca5c2f) Importer(815301076,1909f56bfc062723c751e8b465ee728b)
Start importing Assets/_Scripts/Scripts.asmdef using Guid(336cf8e528f014cf8a9b753491ca5c2f) Importer(815301076,1909f56bfc062723c751e8b465ee728b)  -> (artifact id: '650c5d8adff03a3b67ab60e70669f2bc') in 0.777385 seconds
  Import took 0.781843 seconds .

========================================================================
Received Import Request.
  Time since last request: 51.594336 seconds.
  path: Assets/Tests/EditMode/EditMode.asmdef
  artifactKey: Guid(8981e34286ad843a094ea5915613acca) Importer(815301076,1909f56bfc062723c751e8b465ee728b)
Start importing Assets/Tests/EditMode/EditMode.asmdef using Guid(8981e34286ad843a094ea5915613acca) Importer(815301076,1909f56bfc062723c751e8b465ee728b)  -> (artifact id: '6d5efb706add908eb4b7ea12cb802929') in 0.039424 seconds
  Import took 0.043739 seconds .

========================================================================
Received Import Request.
  Time since last request: 3.580488 seconds.
  path: Assets/Tests/PlayMode/PlayMode.asmdef
  artifactKey: Guid(ec98be503dea848d49fb7503364a6ff7) Importer(815301076,1909f56bfc062723c751e8b465ee728b)
Start importing Assets/Tests/PlayMode/PlayMode.asmdef using Guid(ec98be503dea848d49fb7503364a6ff7) Importer(815301076,1909f56bfc062723c751e8b465ee728b)  -> (artifact id: 'f17d588000e8a38472f46b47e69a6243') in 0.004873 seconds
  Import took 0.021072 seconds .

========================================================================
Received Import Request.
  Time since last request: 0.003084 seconds.
  path: Assets/Tests/PlayMode/PlayMode.asmdef
  artifactKey: Guid(ec98be503dea848d49fb7503364a6ff7) Importer(815301076,1909f56bfc062723c751e8b465ee728b)
Start importing Assets/Tests/PlayMode/PlayMode.asmdef using Guid(ec98be503dea848d49fb7503364a6ff7) Importer(815301076,1909f56bfc062723c751e8b465ee728b)  -> (artifact id: 'f17d588000e8a38472f46b47e69a6243') in 0.005311 seconds
  Import took 0.009524 seconds .

========================================================================
Received Import Request.
  Time since last request: 157.417071 seconds.
  path: Assets/Tests/EditMode/EditMode.asmdef
  artifactKey: Guid(8981e34286ad843a094ea5915613acca) Importer(815301076,1909f56bfc062723c751e8b465ee728b)
Start importing Assets/Tests/EditMode/EditMode.asmdef using Guid(8981e34286ad843a094ea5915613acca) Importer(815301076,1909f56bfc062723c751e8b465ee728b)  -> (artifact id: 'dd89067979bf9f5f1a0572ab6bde7dbf') in 0.039318 seconds
  Import took 0.043740 seconds .

========================================================================
Received Import Request.
  Time since last request: 0.293677 seconds.
  path: Assets/Tests/EditMode/EditMode.asmdef
  artifactKey: Guid(8981e34286ad843a094ea5915613acca) Importer(815301076,1909f56bfc062723c751e8b465ee728b)
Start importing Assets/Tests/EditMode/EditMode.asmdef using Guid(8981e34286ad843a094ea5915613acca) Importer(815301076,1909f56bfc062723c751e8b465ee728b)  -> (artifact id: 'dd89067979bf9f5f1a0572ab6bde7dbf') in 0.140194 seconds
  Import took 0.145395 seconds .

========================================================================
Received Import Request.
  Time since last request: 4.264999 seconds.
  path: Packages/com.unity.textmeshpro/Tests/Runtime/Unity.TextMeshPro.Tests.asmdef
  artifactKey: Guid(bb05cab7d802aa5468f8f2f86840d984) Importer(815301076,1909f56bfc062723c751e8b465ee728b)
Start importing Packages/com.unity.textmeshpro/Tests/Runtime/Unity.TextMeshPro.Tests.asmdef using Guid(bb05cab7d802aa5468f8f2f86840d984) Importer(815301076,1909f56bfc062723c751e8b465ee728b)  -> (artifact id: 'ac4f4180edb3923678eedd4a6e6df05a') in 0.042262 seconds
  Import took 0.047447 seconds .

========================================================================
Received Import Request.
  Time since last request: 31.554228 seconds.
  path: Assets/Tests/PlayMode/PlayMode.asmdef
  artifactKey: Guid(ec98be503dea848d49fb7503364a6ff7) Importer(815301076,1909f56bfc062723c751e8b465ee728b)
Start importing Assets/Tests/PlayMode/PlayMode.asmdef using Guid(ec98be503dea848d49fb7503364a6ff7) Importer(815301076,1909f56bfc062723c751e8b465ee728b)  -> (artifact id: '9ecb37aee1aef82068784c5dcbb87d85') in 0.005292 seconds
  Import took 0.009562 seconds .

========================================================================
Received Import Request.
  Time since last request: 0.242549 seconds.
  path: Assets/Tests/PlayMode/PlayMode.asmdef
  artifactKey: Guid(ec98be503dea848d49fb7503364a6ff7) Importer(815301076,1909f56bfc062723c751e8b465ee728b)
Start importing Assets/Tests/PlayMode/PlayMode.asmdef using Guid(ec98be503dea848d49fb7503364a6ff7) Importer(815301076,1909f56bfc062723c751e8b465ee728b)  -> (artifact id: '9ecb37aee1aef82068784c5dcbb87d85') in 0.006734 seconds
  Import took 0.012671 seconds .

========================================================================
Received Import Request.
  Time since last request: 49.330232 seconds.
  path: Packages/com.unity.textmeshpro/Scripts
  artifactKey: Guid(e6a1d1e3d2384453a7371b4a07a41ca4) Importer(815301076,1909f56bfc062723c751e8b465ee728b)
Start importing Packages/com.unity.textmeshpro/Scripts using Guid(e6a1d1e3d2384453a7371b4a07a41ca4) Importer(815301076,1909f56bfc062723c751e8b465ee728b)  -> (artifact id: '167542237868a8247cdc504f4b3210b3') in 0.001269 seconds
  Import took 0.005132 seconds .

========================================================================
Received Import Request.
  Time since last request: 0.944903 seconds.
  path: Packages/com.unity.textmeshpro/Scripts/Editor
  artifactKey: Guid(b5d6c28ed7b94775be9e2560f300247c) Importer(815301076,1909f56bfc062723c751e8b465ee728b)
Start importing Packages/com.unity.textmeshpro/Scripts/Editor using Guid(b5d6c28ed7b94775be9e2560f300247c) Importer(815301076,1909f56bfc062723c751e8b465ee728b)  -> (artifact id: 'd33fcad04d172dbfcf18f8f2f496f27d') in 0.001275 seconds
  Import took 0.005669 seconds .

========================================================================
Received Import Request.
  Time since last request: 0.000995 seconds.
  path: Packages/com.unity.textmeshpro/Scripts/Editor
  artifactKey: Guid(b5d6c28ed7b94775be9e2560f300247c) Importer(815301076,1909f56bfc062723c751e8b465ee728b)
Start importing Packages/com.unity.textmeshpro/Scripts/Editor using Guid(b5d6c28ed7b94775be9e2560f300247c) Importer(815301076,1909f56bfc062723c751e8b465ee728b)  -> (artifact id: 'd33fcad04d172dbfcf18f8f2f496f27d') in 0.001173 seconds
  Import took 0.005308 seconds .

========================================================================
Received Import Request.
  Time since last request: 1.850164 seconds.
  path: Packages/com.unity.textmeshpro/Scripts/Runtime
  artifactKey: Guid(5fc988a1d5b04aee9a5222502b201a45) Importer(815301076,1909f56bfc062723c751e8b465ee728b)
Start importing Packages/com.unity.textmeshpro/Scripts/Runtime using Guid(5fc988a1d5b04aee9a5222502b201a45) Importer(815301076,1909f56bfc062723c751e8b465ee728b)  -> (artifact id: '54411c9712be9663e43b2efe901e3d64') in 0.001543 seconds
  Import took 0.006167 seconds .

========================================================================
Received Import Request.
  Time since last request: 30.639811 seconds.
  path: Assets/_Scripts/Scripts.asmdef
  artifactKey: Guid(336cf8e528f014cf8a9b753491ca5c2f) Importer(815301076,1909f56bfc062723c751e8b465ee728b)
Start importing Assets/_Scripts/Scripts.asmdef using Guid(336cf8e528f014cf8a9b753491ca5c2f) Importer(815301076,1909f56bfc062723c751e8b465ee728b)  -> (artifact id: '59c2d0ed74c671d236d13a705d5b29dc') in 0.024099 seconds
  Import took 0.054868 seconds .

========================================================================
Received Import Request.
  Time since last request: 0.171356 seconds.
  path: Assets/_Scripts/Scripts.asmdef
  artifactKey: Guid(336cf8e528f014cf8a9b753491ca5c2f) Importer(815301076,1909f56bfc062723c751e8b465ee728b)
Start importing Assets/_Scripts/Scripts.asmdef using Guid(336cf8e528f014cf8a9b753491ca5c2f) Importer(815301076,1909f56bfc062723c751e8b465ee728b)  -> (artifact id: '59c2d0ed74c671d236d13a705d5b29dc') in 0.005440 seconds
  Import took 0.013156 seconds .

========================================================================
Received Import Request.
  Time since last request: 87.555985 seconds.
  path: Packages/com.unity.inputsystem/InputSystem/Actions/Composites
  artifactKey: Guid(6adbf65a53ff9b04990c2116b3e4d5b7) Importer(815301076,1909f56bfc062723c751e8b465ee728b)
Start importing Packages/com.unity.inputsystem/InputSystem/Actions/Composites using Guid(6adbf65a53ff9b04990c2116b3e4d5b7) Importer(815301076,1909f56bfc062723c751e8b465ee728b)  -> (artifact id: '483be32e71ae1d2fce2f357757f94502') in 0.054599 seconds
  Import took 0.059018 seconds .

========================================================================
Received Import Request.
  Time since last request: 213.184171 seconds.
  path: Packages/com.unity.inputsystem/Tests
  artifactKey: Guid(f1c1e9b3951e340e48a3d2c037d6f48b) Importer(815301076,1909f56bfc062723c751e8b465ee728b)
Start importing Packages/com.unity.inputsystem/Tests using Guid(f1c1e9b3951e340e48a3d2c037d6f48b) Importer(815301076,1909f56bfc062723c751e8b465ee728b)  -> (artifact id: '0d7064572b414a8af5c2d3e0822ca6d2') in 0.045136 seconds
  Import took 0.049507 seconds .

========================================================================
Received Import Request.
  Time since last request: 6.738474 seconds.
  path: Packages/com.unity.inputsystem/Tests/TestFixture/Unity.InputSystem.TestFramework.asmdef
  artifactKey: Guid(dc04f38471c3a459fb4d31124ee9127d) Importer(815301076,1909f56bfc062723c751e8b465ee728b)
Start importing Packages/com.unity.inputsystem/Tests/TestFixture/Unity.InputSystem.TestFramework.asmdef using Guid(dc04f38471c3a459fb4d31124ee9127d) Importer(815301076,1909f56bfc062723c751e8b465ee728b)  -> (artifact id: '3da27f1a372686285238ae1e8518e2d8') in 0.036173 seconds
  Import took 0.040673 seconds .

========================================================================
Received Import Request.
  Time since last request: 0.004435 seconds.
  path: Packages/com.unity.inputsystem/Tests/TestFixture/Unity.InputSystem.TestFramework.asmdef
  artifactKey: Guid(dc04f38471c3a459fb4d31124ee9127d) Importer(815301076,1909f56bfc062723c751e8b465ee728b)
Start importing Packages/com.unity.inputsystem/Tests/TestFixture/Unity.InputSystem.TestFramework.asmdef using Guid(dc04f38471c3a459fb4d31124ee9127d) Importer(815301076,1909f56bfc062723c751e8b465ee728b)  -> (artifact id: '3da27f1a372686285238ae1e8518e2d8') in 0.016722 seconds
  Import took 0.021215 seconds .

========================================================================
Received Import Request.
  Time since last request: 3.275871 seconds.
  path: Packages/com.unity.inputsystem/Tests/IntegrationTests/Unity.InputSystem.IntegrationTests.asmdef
  artifactKey: Guid(3ae5734e49d646442ad24f37762ebdd2) Importer(815301076,1909f56bfc062723c751e8b465ee728b)
Start importing Packages/com.unity.inputsystem/Tests/IntegrationTests/Unity.InputSystem.IntegrationTests.asmdef using Guid(3ae5734e49d646442ad24f37762ebdd2) Importer(815301076,1909f56bfc062723c751e8b465ee728b)  -> (artifact id: '3389bd67e58f99653e3ea6fa6ad4e3bd') in 0.029000 seconds
  Import took 0.033358 seconds .

========================================================================
Received Import Request.
  Time since last request: 69.375318 seconds.
  path: Assets/_Scripts/Scripts.asmdef
  artifactKey: Guid(336cf8e528f014cf8a9b753491ca5c2f) Importer(815301076,1909f56bfc062723c751e8b465ee728b)
Start importing Assets/_Scripts/Scripts.asmdef using Guid(336cf8e528f014cf8a9b753491ca5c2f) Importer(815301076,1909f56bfc062723c751e8b465ee728b)  -> (artifact id: '98d9f3b90065ac6979877e75af835a94') in 0.008558 seconds
  Import took 0.012874 seconds .

========================================================================
Received Import Request.
  Time since last request: 0.211648 seconds.
  path: Assets/_Scripts/Scripts.asmdef
  artifactKey: Guid(336cf8e528f014cf8a9b753491ca5c2f) Importer(815301076,1909f56bfc062723c751e8b465ee728b)
Start importing Assets/_Scripts/Scripts.asmdef using Guid(336cf8e528f014cf8a9b753491ca5c2f) Importer(815301076,1909f56bfc062723c751e8b465ee728b)  -> (artifact id: '98d9f3b90065ac6979877e75af835a94') in 0.005555 seconds
  Import took 0.011220 seconds .

========================================================================
Received Import Request.
  Time since last request: 7.314302 seconds.
  path: Assets/_Scripts/InputManager.cs
  artifactKey: Guid(81dd738034f214232a1d9d788b49f1ef) Importer(815301076,1909f56bfc062723c751e8b465ee728b)
Start importing Assets/_Scripts/InputManager.cs using Guid(81dd738034f214232a1d9d788b49f1ef) Importer(815301076,1909f56bfc062723c751e8b465ee728b)  -> (artifact id: 'bde857971c2828540c906f10efec5f26') in 0.229834 seconds
  Import took 0.234345 seconds .

========================================================================
Received Import Request.
  Time since last request: 73.027094 seconds.
  path: Assets/_Scripts/Scripts.asmdef
  artifactKey: Guid(336cf8e528f014cf8a9b753491ca5c2f) Importer(815301076,1909f56bfc062723c751e8b465ee728b)
Start importing Assets/_Scripts/Scripts.asmdef using Guid(336cf8e528f014cf8a9b753491ca5c2f) Importer(815301076,1909f56bfc062723c751e8b465ee728b)  -> (artifact id: 'a55b0233ee0a0e1fd11fdd90948a6cd4') in 0.003905 seconds
  Import took 0.008621 seconds .

========================================================================
Received Import Request.
  Time since last request: 0.180335 seconds.
  path: Assets/_Scripts/Scripts.asmdef
  artifactKey: Guid(336cf8e528f014cf8a9b753491ca5c2f) Importer(815301076,1909f56bfc062723c751e8b465ee728b)
Start importing Assets/_Scripts/Scripts.asmdef using Guid(336cf8e528f014cf8a9b753491ca5c2f) Importer(815301076,1909f56bfc062723c751e8b465ee728b)  -> (artifact id: 'a55b0233ee0a0e1fd11fdd90948a6cd4') in 0.100374 seconds
  Import took 0.104945 seconds .

========================================================================
Received Prepare
Registering precompiled user dll's ...
Registered in 0.018110 seconds.
Begin MonoManager ReloadAssembly
Native extension for LinuxStandalone target not found
Native extension for WindowsStandalone target not found
Native extension for OSXStandalone target not found
Native extension for WebGL target not found
Refreshing native plugins compatible for Editor in 0.50 ms, found 2 plugins.
Preloading 0 native plugins for Editor in 0.00 ms.
Invoked RoslynAnalysisRunner static constructor.
RoslynAnalysisRunner will not be running.
RoslynAnalysisRunner has terminated.
Mono: successfully reloaded assembly
- Completed reload, in  1.677 seconds
Platform modules already initialized, skipping
Refreshing native plugins compatible for Editor in 0.52 ms, found 2 plugins.
Preloading 0 native plugins for Editor in 0.00 ms.
Unloading 2121 Unused Serialized files (Serialized files now loaded: 0)
System memory in use before: 168.0 MB.
System memory in use after: 168.0 MB.

Unloading 12 unused Assets to reduce memory usage. Loaded Objects now: 2575.
Total: 3.406898 ms (FindLiveObjects: 0.388304 ms CreateObjectMapping: 0.104072 ms MarkObjects: 2.757710 ms  DeleteObjects: 0.154299 ms)

========================================================================
Received Prepare
Registering precompiled user dll's ...
Registered in 0.000990 seconds.
Begin MonoManager ReloadAssembly
Native extension for LinuxStandalone target not found
Native extension for WindowsStandalone target not found
Native extension for OSXStandalone target not found
Native extension for WebGL target not found
Refreshing native plugins compatible for Editor in 0.50 ms, found 2 plugins.
Preloading 0 native plugins for Editor in 0.00 ms.
Invoked RoslynAnalysisRunner static constructor.
RoslynAnalysisRunner will not be running.
RoslynAnalysisRunner has terminated.
Mono: successfully reloaded assembly
- Completed reload, in  1.652 seconds
Platform modules already initialized, skipping
Refreshing native plugins compatible for Editor in 0.49 ms, found 2 plugins.
Preloading 0 native plugins for Editor in 0.00 ms.
Unloading 2121 Unused Serialized files (Serialized files now loaded: 0)
System memory in use before: 168.4 MB.
System memory in use after: 168.5 MB.

Unloading 12 unused Assets to reduce memory usage. Loaded Objects now: 2579.
Total: 2.811926 ms (FindLiveObjects: 0.268229 ms CreateObjectMapping: 0.088056 ms MarkObjects: 2.321819 ms  DeleteObjects: 0.131787 ms)

========================================================================
Received Prepare
Registering precompiled user dll's ...
Registered in 0.015242 seconds.
Begin MonoManager ReloadAssembly
Native extension for LinuxStandalone target not found
Native extension for WindowsStandalone target not found
Native extension for OSXStandalone target not found
Native extension for WebGL target not found
Refreshing native plugins compatible for Editor in 0.54 ms, found 2 plugins.
Preloading 0 native plugins for Editor in 0.00 ms.
Invoked RoslynAnalysisRunner static constructor.
RoslynAnalysisRunner will not be running.
RoslynAnalysisRunner has terminated.
Mono: successfully reloaded assembly
- Completed reload, in  2.176 seconds
Platform modules already initialized, skipping
Refreshing native plugins compatible for Editor in 0.58 ms, found 2 plugins.
Preloading 0 native plugins for Editor in 0.00 ms.
Unloading 2121 Unused Serialized files (Serialized files now loaded: 0)
System memory in use before: 168.8 MB.
System memory in use after: 168.8 MB.

Unloading 12 unused Assets to reduce memory usage. Loaded Objects now: 2583.
Total: 2.677620 ms (FindLiveObjects: 0.268241 ms CreateObjectMapping: 0.078436 ms MarkObjects: 2.212740 ms  DeleteObjects: 0.116335 ms)

========================================================================
Received Prepare
Registering precompiled user dll's ...
Registered in 0.000854 seconds.
Begin MonoManager ReloadAssembly
Native extension for LinuxStandalone target not found
Native extension for WindowsStandalone target not found
Native extension for OSXStandalone target not found
Native extension for WebGL target not found
Refreshing native plugins compatible for Editor in 0.47 ms, found 2 plugins.
Preloading 0 native plugins for Editor in 0.00 ms.
Invoked RoslynAnalysisRunner static constructor.
RoslynAnalysisRunner will not be running.
RoslynAnalysisRunner has terminated.
Mono: successfully reloaded assembly
- Completed reload, in  2.812 seconds
Platform modules already initialized, skipping
Refreshing native plugins compatible for Editor in 0.57 ms, found 2 plugins.
Preloading 0 native plugins for Editor in 0.00 ms.
Unloading 2121 Unused Serialized files (Serialized files now loaded: 0)
System memory in use before: 169.1 MB.
System memory in use after: 169.1 MB.

Unloading 12 unused Assets to reduce memory usage. Loaded Objects now: 2587.
Total: 2.709149 ms (FindLiveObjects: 0.247518 ms CreateObjectMapping: 0.088859 ms MarkObjects: 2.254030 ms  DeleteObjects: 0.117082 ms)

========================================================================
Received Prepare
Refreshing native plugins compatible for Editor in 20.60 ms, found 2 plugins.
Preloading 0 native plugins for Editor in 0.00 ms.
Unloading 10 Unused Serialized files (Serialized files now loaded: 0)
System memory in use before: 126.7 MB.
System memory in use after: 126.8 MB.

Unloading 10 unused Assets to reduce memory usage. Loaded Objects now: 2587.
Total: 3.267994 ms (FindLiveObjects: 0.260184 ms CreateObjectMapping: 0.087619 ms MarkObjects: 2.785965 ms  DeleteObjects: 0.131936 ms)

